<?xml version="1.0" encoding="UTF-8"?>
<!-- Generated by org.testng.reporters.JUnitXMLReporter -->
<testsuite ignored="0" hostname="LAPTOP-C2RA5JIE" failures="3" tests="3" name="Assertions Test" time="0.071" errors="0" timestamp="2021-01-30T18:13:37 EST">
  <testcase classname="testcases.TestCase2" name="validateTitles" time="0.012">
    <failure type="java.lang.AssertionError" message="The following asserts failed:
	expected [Gmail.com] but found [gmail.com],
	textbox not found expected [false] but found [true],
	images did not match expected [true] but found [false]">
      <![CDATA[java.lang.AssertionError: The following asserts failed:
expected [Gmail.com] but found [gmail.com],
textbox not found expected [false] but found [true],
images did not match expected [true] but found [false]
at testcases.TestCase2.validateTitles(TestCase2.java:22)
at java.base/java.util.ArrayList.forEach(ArrayList.java:1507)
... Removed 29 stack frames]]>
    </failure>
  </testcase> <!-- validateTitles -->
  <testcase classname="testcases.TestCase2" name="checkCondition" time="0.002">
    <failure type="java.lang.AssertionError" message="element not found did not expect to find [true] but found [false]">
      <![CDATA[java.lang.AssertionError: element not found did not expect to find [true] but found [false]
at testcases.TestCase2.checkCondition(TestCase2.java:28)
at java.base/java.util.ArrayList.forEach(ArrayList.java:1507)
... Removed 30 stack frames]]>
    </failure>
  </testcase> <!-- checkCondition -->
  <testcase classname="testcases.TestCase2" name="forceFailTestcase" time="0.003">
    <failure type="java.lang.AssertionError" message="forcing failure">
      <![CDATA[java.lang.AssertionError: forcing failure
at testcases.TestCase2.forceFailTestcase(TestCase2.java:34)
at java.base/java.util.ArrayList.forEach(ArrayList.java:1507)
... Removed 28 stack frames]]>
    </failure>
  </testcase> <!-- forceFailTestcase -->
</testsuite> <!-- Assertions Test -->
